2018-10-17T01:36:44.609Z - normal: Load ~/.CocosCreator/settings.json
2018-10-17T01:36:44.612Z - normal: checking language setting...
2018-10-17T01:36:44.612Z - normal: Language: zh
2018-10-17T01:36:46.144Z - success: protocol editor-framework registered
2018-10-17T01:36:46.144Z - success: protocol app registered
2018-10-17T01:36:46.144Z - success: protocol theme registered
2018-10-17T01:36:46.144Z - success: protocol packages registered
2018-10-17T01:36:46.144Z - success: protocol unpack registerred
2018-10-17T01:36:46.144Z - success: protocol disable-commonjs registerred
2018-10-17T01:36:46.327Z - normal: connected!
2018-10-17T01:36:46.336Z - normal: Check project D:\workspace\game\subGame
2018-10-17T01:36:46.346Z - normal: Initializing project D:\workspace\game\subGame
2018-10-17T01:36:46.353Z - normal: Initializing Cocos2d
2018-10-17T01:36:46.941Z - normal: Initializing Asset Database
2018-10-17T01:36:46.981Z - success: protocol uuid registerred
2018-10-17T01:36:46.981Z - success: protocol db registerred
2018-10-17T01:36:46.981Z - success: protocol thumbnail registerred
2018-10-17T01:36:46.981Z - normal: Loading editor/builtin packages
2018-10-17T01:36:47.115Z - success: assets loaded
2018-10-17T01:36:47.117Z - success: builder loaded
2018-10-17T01:36:47.120Z - success: cocos-analytics loaded
2018-10-17T01:36:47.122Z - success: console loaded
2018-10-17T01:36:47.153Z - success: fb-instant-games loaded
2018-10-17T01:36:47.156Z - success: hierarchy loaded
2018-10-17T01:36:47.159Z - success: inspector loaded
2018-10-17T01:36:47.161Z - success: keystore loaded
2018-10-17T01:36:47.165Z - success: node-library loaded
2018-10-17T01:36:47.167Z - success: package-asset loaded
2018-10-17T01:36:47.169Z - success: preferences loaded
2018-10-17T01:36:47.170Z - success: project-exporter loaded
2018-10-17T01:36:47.184Z - success: project-importer loaded
2018-10-17T01:36:47.186Z - success: project-settings loaded
2018-10-17T01:36:47.189Z - success: ui-kit loaded
2018-10-17T01:36:47.191Z - success: scene loaded
2018-10-17T01:36:47.193Z - success: sprite-editor loaded
2018-10-17T01:36:47.196Z - success: store loaded
2018-10-17T01:36:47.198Z - success: timeline loaded
2018-10-17T01:36:47.198Z - normal: Loading builtin packages
2018-10-17T01:36:47.201Z - success: asset-db-debugger loaded
2018-10-17T01:36:47.203Z - success: code-editor loaded
2018-10-17T01:36:47.203Z - success: color-picker loaded
2018-10-17T01:36:47.204Z - success: jsb-adapter loaded
2018-10-17T01:36:47.206Z - success: package-manager loaded
2018-10-17T01:36:47.292Z - success: qqplay-adapter loaded
2018-10-17T01:36:47.297Z - success: sdkbox loaded
2018-10-17T01:36:47.300Z - success: tester loaded
2018-10-17T01:36:47.302Z - success: ui-grid loaded
2018-10-17T01:36:47.303Z - success: ui-kit-preview-extra loaded
2018-10-17T01:36:47.305Z - success: ui-kit-preview loaded
2018-10-17T01:36:47.307Z - success: ui-tree loaded
2018-10-17T01:36:47.308Z - success: weapp-adapter loaded
2018-10-17T01:36:48.373Z - normal: Loading packages
2018-10-17T01:36:48.379Z - normal: Watching packages
2018-10-17T01:36:48.668Z - normal: Run Application
2018-10-17T01:36:49.405Z - success: preview server running at http://localhost:7457
2018-10-17T01:39:33.538Z - normal: Start building with options : {
  "actualPlatform": "wechatgame-subcontext",
  "apiLevel": "",
  "appABIs": [],
  "appKey": "",
  "appSecret": "",
  "buildPath": "D:\\workspace\\game\\ninja_cross\\build\\wechatgame",
  "debug": false,
  "dest": "D:\\workspace\\game\\ninja_cross\\build\\wechatgame\\wechatgame-subcontext",
  "embedWebDebugger": false,
  "encryptJs": true,
  "excludeScenes": [],
  "excludedModules": [],
  "fb-instant-games": {},
  "includeAnySDK": false,
  "includeSDKBox": false,
  "inlineSpriteFrames": true,
  "inlineSpriteFrames_native": true,
  "jailbreakPlatform": false,
  "md5Cache": false,
  "mergeStartScene": false,
  "oauthLoginServer": "",
  "optimizeHotUpdate": false,
  "orientation": {
    "landscapeLeft": true,
    "landscapeRight": true,
    "portrait": false,
    "upsideDown": false
  },
  "packageName": "org.cocos2d.subGame",
  "platform": "wechatgame-subcontext",
  "previewHeight": "720",
  "previewWidth": "1280",
  "privateKey": "",
  "qqplay": {
    "REMOTE_SERVER_ROOT": "",
    "orientation": "portrait"
  },
  "scenes": [
    "f1d3c7c2-efa5-4050-a96e-349b9442ba57"
  ],
  "sourceMaps": false,
  "startScene": "f1d3c7c2-efa5-4050-a96e-349b9442ba57",
  "template": "link",
  "title": "wechatgame-subcontext",
  "useDebugKeystore": true,
  "vsVersion": "auto",
  "webOrientation": "auto",
  "wechatgame": {
    "REMOTE_SERVER_ROOT": "",
    "appid": "wx6ac3f5090a6b99c5",
    "isSubdomain": false,
    "orientation": "portrait",
    "subContext": ""
  },
  "xxteaKey": "69ab9833-e943-4d",
  "zipCompressJs": true,
  "project": "D:\\workspace\\game\\subGame",
  "projectName": "wechatgame-subcontext",
  "debugBuildWorker": false
}
2018-10-17T01:39:33.545Z - normal: Building D:\workspace\game\subGame
2018-10-17T01:39:33.545Z - normal: Destination D:\workspace\game\ninja_cross\build\wechatgame\wechatgame-subcontext
2018-10-17T01:39:33.996Z - normal: Delete D:\workspace\game\ninja_cross\build\wechatgame\wechatgame-subcontext\**\*
2018-10-17T01:39:37.198Z - normal: Start building assets
2018-10-17T01:39:37.198Z - normal: Start spawn build-worker
2018-10-17T01:39:38.368Z - normal: Finish spawn build-worker
2018-10-17T01:39:38.368Z - normal: Start init build-worker
2018-10-17T01:39:42.248Z - normal: Finish init build-worker
2018-10-17T01:39:42.249Z - normal: Start build-assets in worker
2018-10-17T01:39:42.413Z - normal: Finish build-assets in worker
2018-10-17T01:39:42.420Z - normal: Finish building assets
2018-10-17T01:39:42.426Z - normal: Start building plugin scripts
2018-10-17T01:39:42.433Z - normal: Generating main.js from D:\software\cocos\CocosCreator\resources\static\build-templates\shares\main.js
2018-10-17T01:39:43.757Z - normal: Built to "D:\workspace\game\ninja_cross\build\wechatgame\wechatgame-subcontext" successfully
2018-10-17T01:43:25.862Z - normal: Start building with options : {
  "actualPlatform": "wechatgame-subcontext",
  "apiLevel": "",
  "appABIs": [],
  "appKey": "",
  "appSecret": "",
  "buildPath": "D:\\workspace\\game\\ninja_cross\\build\\wechatgame",
  "debug": false,
  "dest": "D:\\workspace\\game\\ninja_cross\\build\\wechatgame\\wechatgame-subcontext",
  "embedWebDebugger": false,
  "encryptJs": true,
  "excludeScenes": [],
  "excludedModules": [],
  "fb-instant-games": {},
  "includeAnySDK": false,
  "includeSDKBox": false,
  "inlineSpriteFrames": true,
  "inlineSpriteFrames_native": true,
  "jailbreakPlatform": false,
  "md5Cache": false,
  "mergeStartScene": false,
  "oauthLoginServer": "",
  "optimizeHotUpdate": false,
  "orientation": {
    "landscapeLeft": true,
    "landscapeRight": true,
    "portrait": false,
    "upsideDown": false
  },
  "packageName": "org.cocos2d.subGame",
  "platform": "wechatgame-subcontext",
  "previewHeight": "720",
  "previewWidth": "1280",
  "privateKey": "",
  "qqplay": {
    "REMOTE_SERVER_ROOT": "",
    "orientation": "portrait"
  },
  "scenes": [
    "f1d3c7c2-efa5-4050-a96e-349b9442ba57"
  ],
  "sourceMaps": false,
  "startScene": "f1d3c7c2-efa5-4050-a96e-349b9442ba57",
  "template": "link",
  "title": "wechatgame-subcontext",
  "useDebugKeystore": true,
  "vsVersion": "auto",
  "webOrientation": "auto",
  "wechatgame": {
    "REMOTE_SERVER_ROOT": "",
    "appid": "wx6ac3f5090a6b99c5",
    "isSubdomain": false,
    "orientation": "portrait",
    "subContext": ""
  },
  "xxteaKey": "69ab9833-e943-4d",
  "zipCompressJs": true,
  "project": "D:\\workspace\\game\\subGame",
  "projectName": "wechatgame-subcontext",
  "debugBuildWorker": false
}
2018-10-17T01:43:25.865Z - normal: Building D:\workspace\game\subGame
2018-10-17T01:43:25.865Z - normal: Destination D:\workspace\game\ninja_cross\build\wechatgame\wechatgame-subcontext
2018-10-17T01:43:25.867Z - normal: Delete D:\workspace\game\ninja_cross\build\wechatgame\wechatgame-subcontext\**\*
2018-10-17T01:43:27.743Z - normal: Start building assets
2018-10-17T01:43:27.743Z - normal: Start spawn build-worker
2018-10-17T01:43:28.422Z - normal: Finish spawn build-worker
2018-10-17T01:43:28.422Z - normal: Start init build-worker
2018-10-17T01:43:31.295Z - normal: Finish init build-worker
2018-10-17T01:43:31.295Z - normal: Start build-assets in worker
2018-10-17T01:43:31.441Z - normal: Finish build-assets in worker
2018-10-17T01:43:31.451Z - normal: Finish building assets
2018-10-17T01:43:31.457Z - normal: Start building plugin scripts
2018-10-17T01:43:31.463Z - normal: Generating main.js from D:\software\cocos\CocosCreator\resources\static\build-templates\shares\main.js
2018-10-17T01:43:32.418Z - normal: Built to "D:\workspace\game\ninja_cross\build\wechatgame\wechatgame-subcontext" successfully
2018-10-17T01:47:50.303Z - normal: Start building with options : {
  "actualPlatform": "wechatgame-subcontext",
  "apiLevel": "",
  "appABIs": [],
  "appKey": "",
  "appSecret": "",
  "buildPath": "D:\\workspace\\game\\ninja_cross\\build\\wechatgame",
  "debug": false,
  "dest": "D:\\workspace\\game\\ninja_cross\\build\\wechatgame\\wechatgame-subcontext",
  "embedWebDebugger": false,
  "encryptJs": true,
  "excludeScenes": [],
  "excludedModules": [],
  "fb-instant-games": {},
  "includeAnySDK": false,
  "includeSDKBox": false,
  "inlineSpriteFrames": true,
  "inlineSpriteFrames_native": true,
  "jailbreakPlatform": false,
  "md5Cache": false,
  "mergeStartScene": false,
  "oauthLoginServer": "",
  "optimizeHotUpdate": false,
  "orientation": {
    "landscapeLeft": true,
    "landscapeRight": true,
    "portrait": false,
    "upsideDown": false
  },
  "packageName": "org.cocos2d.subGame",
  "platform": "wechatgame-subcontext",
  "previewHeight": "720",
  "previewWidth": "1280",
  "privateKey": "",
  "qqplay": {
    "REMOTE_SERVER_ROOT": "",
    "orientation": "portrait"
  },
  "scenes": [
    "f1d3c7c2-efa5-4050-a96e-349b9442ba57"
  ],
  "sourceMaps": false,
  "startScene": "f1d3c7c2-efa5-4050-a96e-349b9442ba57",
  "template": "link",
  "title": "wechatgame-subcontext",
  "useDebugKeystore": true,
  "vsVersion": "auto",
  "webOrientation": "auto",
  "wechatgame": {
    "REMOTE_SERVER_ROOT": "",
    "appid": "wx6ac3f5090a6b99c5",
    "isSubdomain": false,
    "orientation": "portrait",
    "subContext": ""
  },
  "xxteaKey": "69ab9833-e943-4d",
  "zipCompressJs": true,
  "project": "D:\\workspace\\game\\subGame",
  "projectName": "wechatgame-subcontext",
  "debugBuildWorker": false
}
2018-10-17T01:47:50.306Z - normal: Building D:\workspace\game\subGame
2018-10-17T01:47:50.306Z - normal: Destination D:\workspace\game\ninja_cross\build\wechatgame\wechatgame-subcontext
2018-10-17T01:47:50.309Z - normal: Delete D:\workspace\game\ninja_cross\build\wechatgame\wechatgame-subcontext\**\*
2018-10-17T01:47:52.261Z - normal: Start building assets
2018-10-17T01:47:52.261Z - normal: Start spawn build-worker
2018-10-17T01:47:52.956Z - normal: Finish spawn build-worker
2018-10-17T01:47:52.956Z - normal: Start init build-worker
2018-10-17T01:47:55.863Z - normal: Finish init build-worker
2018-10-17T01:47:55.863Z - normal: Start build-assets in worker
2018-10-17T01:47:56.007Z - normal: Finish build-assets in worker
2018-10-17T01:47:56.013Z - normal: Finish building assets
2018-10-17T01:47:56.023Z - normal: Start building plugin scripts
2018-10-17T01:47:56.034Z - normal: Generating main.js from D:\software\cocos\CocosCreator\resources\static\build-templates\shares\main.js
2018-10-17T01:47:57.027Z - normal: Built to "D:\workspace\game\ninja_cross\build\wechatgame\wechatgame-subcontext" successfully
2018-10-17T01:49:08.456Z - normal: Start building with options : {
  "actualPlatform": "wechatgame-subcontext",
  "apiLevel": "",
  "appABIs": [],
  "appKey": "",
  "appSecret": "",
  "buildPath": "D:\\workspace\\game\\ninja_cross\\build\\wechatgame",
  "debug": false,
  "dest": "D:\\workspace\\game\\ninja_cross\\build\\wechatgame\\wechatgame-subcontext",
  "embedWebDebugger": false,
  "encryptJs": true,
  "excludeScenes": [],
  "excludedModules": [],
  "fb-instant-games": {},
  "includeAnySDK": false,
  "includeSDKBox": false,
  "inlineSpriteFrames": true,
  "inlineSpriteFrames_native": true,
  "jailbreakPlatform": false,
  "md5Cache": false,
  "mergeStartScene": false,
  "oauthLoginServer": "",
  "optimizeHotUpdate": false,
  "orientation": {
    "landscapeLeft": true,
    "landscapeRight": true,
    "portrait": false,
    "upsideDown": false
  },
  "packageName": "org.cocos2d.subGame",
  "platform": "wechatgame-subcontext",
  "previewHeight": "720",
  "previewWidth": "1280",
  "privateKey": "",
  "qqplay": {
    "REMOTE_SERVER_ROOT": "",
    "orientation": "portrait"
  },
  "scenes": [
    "f1d3c7c2-efa5-4050-a96e-349b9442ba57"
  ],
  "sourceMaps": false,
  "startScene": "f1d3c7c2-efa5-4050-a96e-349b9442ba57",
  "template": "link",
  "title": "wechatgame-subcontext",
  "useDebugKeystore": true,
  "vsVersion": "auto",
  "webOrientation": "auto",
  "wechatgame": {
    "REMOTE_SERVER_ROOT": "",
    "appid": "wx6ac3f5090a6b99c5",
    "isSubdomain": false,
    "orientation": "portrait",
    "subContext": ""
  },
  "xxteaKey": "69ab9833-e943-4d",
  "zipCompressJs": true,
  "project": "D:\\workspace\\game\\subGame",
  "projectName": "wechatgame-subcontext",
  "debugBuildWorker": false
}
2018-10-17T01:49:08.460Z - normal: Building D:\workspace\game\subGame
2018-10-17T01:49:08.460Z - normal: Destination D:\workspace\game\ninja_cross\build\wechatgame\wechatgame-subcontext
2018-10-17T01:49:08.461Z - normal: Delete D:\workspace\game\ninja_cross\build\wechatgame\wechatgame-subcontext\**\*
2018-10-17T01:49:12.187Z - normal: Start building assets
2018-10-17T01:49:12.187Z - normal: Start spawn build-worker
2018-10-17T01:49:13.259Z - normal: Finish spawn build-worker
2018-10-17T01:49:13.259Z - normal: Start init build-worker
2018-10-17T01:49:18.071Z - normal: Finish init build-worker
2018-10-17T01:49:18.072Z - normal: Start build-assets in worker
2018-10-17T01:49:18.313Z - normal: Finish build-assets in worker
2018-10-17T01:49:18.329Z - normal: Finish building assets
2018-10-17T01:49:18.336Z - normal: Start building plugin scripts
2018-10-17T01:49:18.345Z - normal: Generating main.js from D:\software\cocos\CocosCreator\resources\static\build-templates\shares\main.js
2018-10-17T01:49:19.904Z - normal: Built to "D:\workspace\game\ninja_cross\build\wechatgame\wechatgame-subcontext" successfully
2018-10-17T01:49:54.349Z - normal: Start building with options : {
  "actualPlatform": "wechatgame-subcontext",
  "apiLevel": "",
  "appABIs": [],
  "appKey": "",
  "appSecret": "",
  "buildPath": "D:\\workspace\\game\\ninja_cross\\build\\wechatgame",
  "debug": false,
  "dest": "D:\\workspace\\game\\ninja_cross\\build\\wechatgame\\wechatgame-subcontext",
  "embedWebDebugger": false,
  "encryptJs": true,
  "excludeScenes": [],
  "excludedModules": [],
  "fb-instant-games": {},
  "includeAnySDK": false,
  "includeSDKBox": false,
  "inlineSpriteFrames": true,
  "inlineSpriteFrames_native": true,
  "jailbreakPlatform": false,
  "md5Cache": false,
  "mergeStartScene": false,
  "oauthLoginServer": "",
  "optimizeHotUpdate": false,
  "orientation": {
    "landscapeLeft": true,
    "landscapeRight": true,
    "portrait": false,
    "upsideDown": false
  },
  "packageName": "org.cocos2d.subGame",
  "platform": "wechatgame-subcontext",
  "previewHeight": "720",
  "previewWidth": "1280",
  "privateKey": "",
  "qqplay": {
    "REMOTE_SERVER_ROOT": "",
    "orientation": "portrait"
  },
  "scenes": [
    "f1d3c7c2-efa5-4050-a96e-349b9442ba57"
  ],
  "sourceMaps": false,
  "startScene": "f1d3c7c2-efa5-4050-a96e-349b9442ba57",
  "template": "link",
  "title": "wechatgame-subcontext",
  "useDebugKeystore": true,
  "vsVersion": "auto",
  "webOrientation": "auto",
  "wechatgame": {
    "REMOTE_SERVER_ROOT": "",
    "appid": "wx6ac3f5090a6b99c5",
    "isSubdomain": false,
    "orientation": "portrait",
    "subContext": ""
  },
  "xxteaKey": "69ab9833-e943-4d",
  "zipCompressJs": true,
  "project": "D:\\workspace\\game\\subGame",
  "projectName": "wechatgame-subcontext",
  "debugBuildWorker": false
}
2018-10-17T01:49:54.352Z - normal: Building D:\workspace\game\subGame
2018-10-17T01:49:54.352Z - normal: Destination D:\workspace\game\ninja_cross\build\wechatgame\wechatgame-subcontext
2018-10-17T01:49:54.353Z - normal: Delete D:\workspace\game\ninja_cross\build\wechatgame\wechatgame-subcontext\**\*
2018-10-17T01:49:56.578Z - normal: Start building assets
2018-10-17T01:49:56.579Z - normal: Start spawn build-worker
2018-10-17T01:49:57.761Z - normal: Finish spawn build-worker
2018-10-17T01:49:57.761Z - normal: Start init build-worker
2018-10-17T01:50:00.960Z - normal: Finish init build-worker
2018-10-17T01:50:00.960Z - normal: Start build-assets in worker
2018-10-17T01:50:01.109Z - normal: Finish build-assets in worker
2018-10-17T01:50:01.116Z - normal: Finish building assets
2018-10-17T01:50:01.124Z - normal: Start building plugin scripts
2018-10-17T01:50:01.134Z - normal: Generating main.js from D:\software\cocos\CocosCreator\resources\static\build-templates\shares\main.js
2018-10-17T01:50:02.061Z - normal: Built to "D:\workspace\game\ninja_cross\build\wechatgame\wechatgame-subcontext" successfully
2018-10-17T01:50:32.132Z - normal: Start building with options : {
  "actualPlatform": "wechatgame-subcontext",
  "apiLevel": "",
  "appABIs": [],
  "appKey": "",
  "appSecret": "",
  "buildPath": "D:\\workspace\\game\\ninja_cross\\build\\wechatgame",
  "debug": false,
  "dest": "D:\\workspace\\game\\ninja_cross\\build\\wechatgame\\wechatgame-subcontext",
  "embedWebDebugger": false,
  "encryptJs": true,
  "excludeScenes": [],
  "excludedModules": [],
  "fb-instant-games": {},
  "includeAnySDK": false,
  "includeSDKBox": false,
  "inlineSpriteFrames": true,
  "inlineSpriteFrames_native": true,
  "jailbreakPlatform": false,
  "md5Cache": false,
  "mergeStartScene": false,
  "oauthLoginServer": "",
  "optimizeHotUpdate": false,
  "orientation": {
    "landscapeLeft": true,
    "landscapeRight": true,
    "portrait": false,
    "upsideDown": false
  },
  "packageName": "org.cocos2d.subGame",
  "platform": "wechatgame-subcontext",
  "previewHeight": "720",
  "previewWidth": "1280",
  "privateKey": "",
  "qqplay": {
    "REMOTE_SERVER_ROOT": "",
    "orientation": "portrait"
  },
  "scenes": [
    "f1d3c7c2-efa5-4050-a96e-349b9442ba57"
  ],
  "sourceMaps": false,
  "startScene": "f1d3c7c2-efa5-4050-a96e-349b9442ba57",
  "template": "link",
  "title": "wechatgame-subcontext",
  "useDebugKeystore": true,
  "vsVersion": "auto",
  "webOrientation": "auto",
  "wechatgame": {
    "REMOTE_SERVER_ROOT": "",
    "appid": "wx6ac3f5090a6b99c5",
    "isSubdomain": false,
    "orientation": "portrait",
    "subContext": ""
  },
  "xxteaKey": "69ab9833-e943-4d",
  "zipCompressJs": true,
  "project": "D:\\workspace\\game\\subGame",
  "projectName": "wechatgame-subcontext",
  "debugBuildWorker": false
}
2018-10-17T01:50:32.132Z - normal: Building D:\workspace\game\subGame
2018-10-17T01:50:32.132Z - normal: Destination D:\workspace\game\ninja_cross\build\wechatgame\wechatgame-subcontext
2018-10-17T01:50:32.133Z - normal: Delete D:\workspace\game\ninja_cross\build\wechatgame\wechatgame-subcontext\**\*
2018-10-17T01:50:34.289Z - normal: Start building assets
2018-10-17T01:50:34.289Z - normal: Start spawn build-worker
2018-10-17T01:50:35.104Z - normal: Finish spawn build-worker
2018-10-17T01:50:35.104Z - normal: Start init build-worker
2018-10-17T01:50:38.253Z - normal: Finish init build-worker
2018-10-17T01:50:38.254Z - normal: Start build-assets in worker
2018-10-17T01:50:38.424Z - normal: Finish build-assets in worker
2018-10-17T01:50:38.430Z - normal: Finish building assets
2018-10-17T01:50:38.434Z - normal: Start building plugin scripts
2018-10-17T01:50:38.438Z - normal: Generating main.js from D:\software\cocos\CocosCreator\resources\static\build-templates\shares\main.js
2018-10-17T01:50:39.265Z - normal: Built to "D:\workspace\game\ninja_cross\build\wechatgame\wechatgame-subcontext" successfully
2018-10-17T01:54:40.807Z - normal: Start building with options : {
  "actualPlatform": "wechatgame-subcontext",
  "apiLevel": "",
  "appABIs": [],
  "appKey": "",
  "appSecret": "",
  "buildPath": "D:\\workspace\\game\\ninja_cross\\build\\wechatgame",
  "debug": false,
  "dest": "D:\\workspace\\game\\ninja_cross\\build\\wechatgame\\wechatgame-subcontext",
  "embedWebDebugger": false,
  "encryptJs": true,
  "excludeScenes": [],
  "excludedModules": [],
  "fb-instant-games": {},
  "includeAnySDK": false,
  "includeSDKBox": false,
  "inlineSpriteFrames": true,
  "inlineSpriteFrames_native": true,
  "jailbreakPlatform": false,
  "md5Cache": false,
  "mergeStartScene": false,
  "oauthLoginServer": "",
  "optimizeHotUpdate": false,
  "orientation": {
    "landscapeLeft": true,
    "landscapeRight": true,
    "portrait": false,
    "upsideDown": false
  },
  "packageName": "org.cocos2d.subGame",
  "platform": "wechatgame-subcontext",
  "previewHeight": "720",
  "previewWidth": "1280",
  "privateKey": "",
  "qqplay": {
    "REMOTE_SERVER_ROOT": "",
    "orientation": "portrait"
  },
  "scenes": [
    "f1d3c7c2-efa5-4050-a96e-349b9442ba57"
  ],
  "sourceMaps": false,
  "startScene": "f1d3c7c2-efa5-4050-a96e-349b9442ba57",
  "template": "link",
  "title": "wechatgame-subcontext",
  "useDebugKeystore": true,
  "vsVersion": "auto",
  "webOrientation": "auto",
  "wechatgame": {
    "REMOTE_SERVER_ROOT": "",
    "appid": "wx6ac3f5090a6b99c5",
    "isSubdomain": false,
    "orientation": "portrait",
    "subContext": ""
  },
  "xxteaKey": "69ab9833-e943-4d",
  "zipCompressJs": true,
  "project": "D:\\workspace\\game\\subGame",
  "projectName": "wechatgame-subcontext",
  "debugBuildWorker": false
}
2018-10-17T01:54:40.809Z - normal: Building D:\workspace\game\subGame
2018-10-17T01:54:40.810Z - normal: Destination D:\workspace\game\ninja_cross\build\wechatgame\wechatgame-subcontext
2018-10-17T01:54:40.812Z - normal: Delete D:\workspace\game\ninja_cross\build\wechatgame\wechatgame-subcontext\**\*
2018-10-17T01:54:42.677Z - normal: Start building assets
2018-10-17T01:54:42.677Z - normal: Start spawn build-worker
2018-10-17T01:54:43.372Z - normal: Finish spawn build-worker
2018-10-17T01:54:43.372Z - normal: Start init build-worker
2018-10-17T01:54:46.283Z - normal: Finish init build-worker
2018-10-17T01:54:46.284Z - normal: Start build-assets in worker
2018-10-17T01:54:46.439Z - normal: Finish build-assets in worker
2018-10-17T01:54:46.446Z - normal: Finish building assets
2018-10-17T01:54:46.451Z - normal: Start building plugin scripts
2018-10-17T01:54:46.458Z - normal: Generating main.js from D:\software\cocos\CocosCreator\resources\static\build-templates\shares\main.js
2018-10-17T01:54:47.402Z - normal: Built to "D:\workspace\game\ninja_cross\build\wechatgame\wechatgame-subcontext" successfully
2018-10-17T02:00:17.621Z - normal: Start building with options : {
  "actualPlatform": "wechatgame-subcontext",
  "apiLevel": "",
  "appABIs": [],
  "appKey": "",
  "appSecret": "",
  "buildPath": "D:\\workspace\\game\\ninja_cross\\build\\wechatgame",
  "debug": false,
  "dest": "D:\\workspace\\game\\ninja_cross\\build\\wechatgame\\wechatgame-subcontext",
  "embedWebDebugger": false,
  "encryptJs": true,
  "excludeScenes": [],
  "excludedModules": [],
  "fb-instant-games": {},
  "includeAnySDK": false,
  "includeSDKBox": false,
  "inlineSpriteFrames": true,
  "inlineSpriteFrames_native": true,
  "jailbreakPlatform": false,
  "md5Cache": false,
  "mergeStartScene": false,
  "oauthLoginServer": "",
  "optimizeHotUpdate": false,
  "orientation": {
    "landscapeLeft": true,
    "landscapeRight": true,
    "portrait": false,
    "upsideDown": false
  },
  "packageName": "org.cocos2d.subGame",
  "platform": "wechatgame-subcontext",
  "previewHeight": "720",
  "previewWidth": "1280",
  "privateKey": "",
  "qqplay": {
    "REMOTE_SERVER_ROOT": "",
    "orientation": "portrait"
  },
  "scenes": [
    "f1d3c7c2-efa5-4050-a96e-349b9442ba57"
  ],
  "sourceMaps": false,
  "startScene": "f1d3c7c2-efa5-4050-a96e-349b9442ba57",
  "template": "link",
  "title": "wechatgame-subcontext",
  "useDebugKeystore": true,
  "vsVersion": "auto",
  "webOrientation": "auto",
  "wechatgame": {
    "REMOTE_SERVER_ROOT": "",
    "appid": "wx6ac3f5090a6b99c5",
    "isSubdomain": false,
    "orientation": "portrait",
    "subContext": ""
  },
  "xxteaKey": "69ab9833-e943-4d",
  "zipCompressJs": true,
  "project": "D:\\workspace\\game\\subGame",
  "projectName": "wechatgame-subcontext",
  "debugBuildWorker": false
}
2018-10-17T02:00:17.623Z - normal: Building D:\workspace\game\subGame
2018-10-17T02:00:17.624Z - normal: Destination D:\workspace\game\ninja_cross\build\wechatgame\wechatgame-subcontext
2018-10-17T02:00:17.626Z - normal: Delete D:\workspace\game\ninja_cross\build\wechatgame\wechatgame-subcontext\**\*
2018-10-17T02:00:19.421Z - normal: Start building assets
2018-10-17T02:00:19.421Z - normal: Start spawn build-worker
2018-10-17T02:00:20.075Z - normal: Finish spawn build-worker
2018-10-17T02:00:20.075Z - normal: Start init build-worker
2018-10-17T02:00:22.846Z - normal: Finish init build-worker
2018-10-17T02:00:22.846Z - normal: Start build-assets in worker
2018-10-17T02:00:22.987Z - normal: Finish build-assets in worker
2018-10-17T02:00:22.994Z - normal: Finish building assets
2018-10-17T02:00:22.999Z - normal: Start building plugin scripts
2018-10-17T02:00:23.004Z - normal: Generating main.js from D:\software\cocos\CocosCreator\resources\static\build-templates\shares\main.js
2018-10-17T02:00:23.885Z - normal: Built to "D:\workspace\game\ninja_cross\build\wechatgame\wechatgame-subcontext" successfully
2018-10-17T02:07:02.150Z - normal: Start building with options : {
  "actualPlatform": "wechatgame-subcontext",
  "apiLevel": "",
  "appABIs": [],
  "appKey": "",
  "appSecret": "",
  "buildPath": "D:\\workspace\\game\\ninja_cross\\build\\wechatgame",
  "debug": false,
  "dest": "D:\\workspace\\game\\ninja_cross\\build\\wechatgame\\wechatgame-subcontext",
  "embedWebDebugger": false,
  "encryptJs": true,
  "excludeScenes": [],
  "excludedModules": [],
  "fb-instant-games": {},
  "includeAnySDK": false,
  "includeSDKBox": false,
  "inlineSpriteFrames": true,
  "inlineSpriteFrames_native": true,
  "jailbreakPlatform": false,
  "md5Cache": false,
  "mergeStartScene": false,
  "oauthLoginServer": "",
  "optimizeHotUpdate": false,
  "orientation": {
    "landscapeLeft": true,
    "landscapeRight": true,
    "portrait": false,
    "upsideDown": false
  },
  "packageName": "org.cocos2d.subGame",
  "platform": "wechatgame-subcontext",
  "previewHeight": "720",
  "previewWidth": "1280",
  "privateKey": "",
  "qqplay": {
    "REMOTE_SERVER_ROOT": "",
    "orientation": "portrait"
  },
  "scenes": [
    "f1d3c7c2-efa5-4050-a96e-349b9442ba57"
  ],
  "sourceMaps": false,
  "startScene": "f1d3c7c2-efa5-4050-a96e-349b9442ba57",
  "template": "link",
  "title": "wechatgame-subcontext",
  "useDebugKeystore": true,
  "vsVersion": "auto",
  "webOrientation": "auto",
  "wechatgame": {
    "REMOTE_SERVER_ROOT": "",
    "appid": "wx6ac3f5090a6b99c5",
    "isSubdomain": false,
    "orientation": "portrait",
    "subContext": ""
  },
  "xxteaKey": "69ab9833-e943-4d",
  "zipCompressJs": true,
  "project": "D:\\workspace\\game\\subGame",
  "projectName": "wechatgame-subcontext",
  "debugBuildWorker": false
}
2018-10-17T02:07:02.154Z - normal: Building D:\workspace\game\subGame
2018-10-17T02:07:02.154Z - normal: Destination D:\workspace\game\ninja_cross\build\wechatgame\wechatgame-subcontext
2018-10-17T02:07:02.156Z - normal: Delete D:\workspace\game\ninja_cross\build\wechatgame\wechatgame-subcontext\**\*
2018-10-17T02:07:04.032Z - normal: Start building assets
2018-10-17T02:07:04.033Z - normal: Start spawn build-worker
2018-10-17T02:07:04.727Z - normal: Finish spawn build-worker
2018-10-17T02:07:04.727Z - normal: Start init build-worker
2018-10-17T02:07:07.614Z - normal: Finish init build-worker
2018-10-17T02:07:07.615Z - normal: Start build-assets in worker
2018-10-17T02:07:07.760Z - normal: Finish build-assets in worker
2018-10-17T02:07:07.768Z - normal: Finish building assets
2018-10-17T02:07:07.774Z - normal: Start building plugin scripts
2018-10-17T02:07:07.779Z - normal: Generating main.js from D:\software\cocos\CocosCreator\resources\static\build-templates\shares\main.js
2018-10-17T02:07:08.651Z - normal: Built to "D:\workspace\game\ninja_cross\build\wechatgame\wechatgame-subcontext" successfully
2018-10-17T02:08:48.141Z - normal: Start building with options : {
  "actualPlatform": "wechatgame-subcontext",
  "apiLevel": "",
  "appABIs": [],
  "appKey": "",
  "appSecret": "",
  "buildPath": "D:\\workspace\\game\\ninja_cross\\build\\wechatgame",
  "debug": false,
  "dest": "D:\\workspace\\game\\ninja_cross\\build\\wechatgame\\wechatgame-subcontext",
  "embedWebDebugger": false,
  "encryptJs": true,
  "excludeScenes": [],
  "excludedModules": [],
  "fb-instant-games": {},
  "includeAnySDK": false,
  "includeSDKBox": false,
  "inlineSpriteFrames": true,
  "inlineSpriteFrames_native": true,
  "jailbreakPlatform": false,
  "md5Cache": false,
  "mergeStartScene": false,
  "oauthLoginServer": "",
  "optimizeHotUpdate": false,
  "orientation": {
    "landscapeLeft": true,
    "landscapeRight": true,
    "portrait": false,
    "upsideDown": false
  },
  "packageName": "org.cocos2d.subGame",
  "platform": "wechatgame-subcontext",
  "previewHeight": "720",
  "previewWidth": "1280",
  "privateKey": "",
  "qqplay": {
    "REMOTE_SERVER_ROOT": "",
    "orientation": "portrait"
  },
  "scenes": [
    "f1d3c7c2-efa5-4050-a96e-349b9442ba57"
  ],
  "sourceMaps": false,
  "startScene": "f1d3c7c2-efa5-4050-a96e-349b9442ba57",
  "template": "link",
  "title": "wechatgame-subcontext",
  "useDebugKeystore": true,
  "vsVersion": "auto",
  "webOrientation": "auto",
  "wechatgame": {
    "REMOTE_SERVER_ROOT": "",
    "appid": "wx6ac3f5090a6b99c5",
    "isSubdomain": false,
    "orientation": "portrait",
    "subContext": ""
  },
  "xxteaKey": "69ab9833-e943-4d",
  "zipCompressJs": true,
  "project": "D:\\workspace\\game\\subGame",
  "projectName": "wechatgame-subcontext",
  "debugBuildWorker": false
}
2018-10-17T02:08:48.143Z - normal: Building D:\workspace\game\subGame
2018-10-17T02:08:48.144Z - normal: Destination D:\workspace\game\ninja_cross\build\wechatgame\wechatgame-subcontext
2018-10-17T02:08:48.146Z - normal: Delete D:\workspace\game\ninja_cross\build\wechatgame\wechatgame-subcontext\**\*
2018-10-17T02:08:50.098Z - normal: Start building assets
2018-10-17T02:08:50.098Z - normal: Start spawn build-worker
2018-10-17T02:08:50.769Z - normal: Finish spawn build-worker
2018-10-17T02:08:50.769Z - normal: Start init build-worker
2018-10-17T02:08:53.620Z - normal: Finish init build-worker
2018-10-17T02:08:53.620Z - normal: Start build-assets in worker
2018-10-17T02:08:53.772Z - normal: Finish build-assets in worker
2018-10-17T02:08:53.779Z - normal: Finish building assets
2018-10-17T02:08:53.785Z - normal: Start building plugin scripts
2018-10-17T02:08:53.791Z - normal: Generating main.js from D:\software\cocos\CocosCreator\resources\static\build-templates\shares\main.js
2018-10-17T02:08:54.693Z - normal: Built to "D:\workspace\game\ninja_cross\build\wechatgame\wechatgame-subcontext" successfully
2018-10-17T02:10:24.147Z - normal: Start building with options : {
  "actualPlatform": "wechatgame-subcontext",
  "apiLevel": "",
  "appABIs": [],
  "appKey": "",
  "appSecret": "",
  "buildPath": "D:\\workspace\\game\\ninja_cross\\build\\wechatgame",
  "debug": false,
  "dest": "D:\\workspace\\game\\ninja_cross\\build\\wechatgame\\wechatgame-subcontext",
  "embedWebDebugger": false,
  "encryptJs": true,
  "excludeScenes": [],
  "excludedModules": [],
  "fb-instant-games": {},
  "includeAnySDK": false,
  "includeSDKBox": false,
  "inlineSpriteFrames": true,
  "inlineSpriteFrames_native": true,
  "jailbreakPlatform": false,
  "md5Cache": false,
  "mergeStartScene": false,
  "oauthLoginServer": "",
  "optimizeHotUpdate": false,
  "orientation": {
    "landscapeLeft": true,
    "landscapeRight": true,
    "portrait": false,
    "upsideDown": false
  },
  "packageName": "org.cocos2d.subGame",
  "platform": "wechatgame-subcontext",
  "previewHeight": "720",
  "previewWidth": "1280",
  "privateKey": "",
  "qqplay": {
    "REMOTE_SERVER_ROOT": "",
    "orientation": "portrait"
  },
  "scenes": [
    "f1d3c7c2-efa5-4050-a96e-349b9442ba57"
  ],
  "sourceMaps": false,
  "startScene": "f1d3c7c2-efa5-4050-a96e-349b9442ba57",
  "template": "link",
  "title": "wechatgame-subcontext",
  "useDebugKeystore": true,
  "vsVersion": "auto",
  "webOrientation": "auto",
  "wechatgame": {
    "REMOTE_SERVER_ROOT": "",
    "appid": "wx6ac3f5090a6b99c5",
    "isSubdomain": false,
    "orientation": "portrait",
    "subContext": ""
  },
  "xxteaKey": "69ab9833-e943-4d",
  "zipCompressJs": true,
  "project": "D:\\workspace\\game\\subGame",
  "projectName": "wechatgame-subcontext",
  "debugBuildWorker": false
}
2018-10-17T02:10:24.148Z - normal: Building D:\workspace\game\subGame
2018-10-17T02:10:24.148Z - normal: Destination D:\workspace\game\ninja_cross\build\wechatgame\wechatgame-subcontext
2018-10-17T02:10:24.148Z - normal: Delete D:\workspace\game\ninja_cross\build\wechatgame\wechatgame-subcontext\**\*
2018-10-17T02:10:26.047Z - normal: Start building assets
2018-10-17T02:10:26.047Z - normal: Start spawn build-worker
2018-10-17T02:10:26.692Z - normal: Finish spawn build-worker
2018-10-17T02:10:26.692Z - normal: Start init build-worker
2018-10-17T02:10:29.586Z - normal: Finish init build-worker
2018-10-17T02:10:29.586Z - normal: Start build-assets in worker
2018-10-17T02:10:29.734Z - normal: Finish build-assets in worker
2018-10-17T02:10:29.741Z - normal: Finish building assets
2018-10-17T02:10:29.744Z - normal: Start building plugin scripts
2018-10-17T02:10:29.747Z - normal: Generating main.js from D:\software\cocos\CocosCreator\resources\static\build-templates\shares\main.js
2018-10-17T02:10:30.626Z - normal: Built to "D:\workspace\game\ninja_cross\build\wechatgame\wechatgame-subcontext" successfully
2018-10-17T02:17:36.341Z - normal: Start building with options : {
  "actualPlatform": "wechatgame-subcontext",
  "apiLevel": "",
  "appABIs": [],
  "appKey": "",
  "appSecret": "",
  "buildPath": "D:\\workspace\\game\\ninja_cross\\build\\wechatgame",
  "debug": false,
  "dest": "D:\\workspace\\game\\ninja_cross\\build\\wechatgame\\wechatgame-subcontext",
  "embedWebDebugger": false,
  "encryptJs": true,
  "excludeScenes": [],
  "excludedModules": [],
  "fb-instant-games": {},
  "includeAnySDK": false,
  "includeSDKBox": false,
  "inlineSpriteFrames": true,
  "inlineSpriteFrames_native": true,
  "jailbreakPlatform": false,
  "md5Cache": false,
  "mergeStartScene": false,
  "oauthLoginServer": "",
  "optimizeHotUpdate": false,
  "orientation": {
    "landscapeLeft": true,
    "landscapeRight": true,
    "portrait": false,
    "upsideDown": false
  },
  "packageName": "org.cocos2d.subGame",
  "platform": "wechatgame-subcontext",
  "previewHeight": "720",
  "previewWidth": "1280",
  "privateKey": "",
  "qqplay": {
    "REMOTE_SERVER_ROOT": "",
    "orientation": "portrait"
  },
  "scenes": [
    "f1d3c7c2-efa5-4050-a96e-349b9442ba57"
  ],
  "sourceMaps": false,
  "startScene": "f1d3c7c2-efa5-4050-a96e-349b9442ba57",
  "template": "link",
  "title": "wechatgame-subcontext",
  "useDebugKeystore": true,
  "vsVersion": "auto",
  "webOrientation": "auto",
  "wechatgame": {
    "REMOTE_SERVER_ROOT": "",
    "appid": "wx6ac3f5090a6b99c5",
    "isSubdomain": false,
    "orientation": "portrait",
    "subContext": ""
  },
  "xxteaKey": "69ab9833-e943-4d",
  "zipCompressJs": true,
  "project": "D:\\workspace\\game\\subGame",
  "projectName": "wechatgame-subcontext",
  "debugBuildWorker": false
}
2018-10-17T02:17:36.344Z - normal: Building D:\workspace\game\subGame
2018-10-17T02:17:36.344Z - normal: Destination D:\workspace\game\ninja_cross\build\wechatgame\wechatgame-subcontext
2018-10-17T02:17:36.346Z - normal: Delete D:\workspace\game\ninja_cross\build\wechatgame\wechatgame-subcontext\**\*
2018-10-17T02:17:38.234Z - normal: Start building assets
2018-10-17T02:17:38.235Z - normal: Start spawn build-worker
2018-10-17T02:17:38.895Z - normal: Finish spawn build-worker
2018-10-17T02:17:38.895Z - normal: Start init build-worker
2018-10-17T02:17:41.713Z - normal: Finish init build-worker
2018-10-17T02:17:41.713Z - normal: Start build-assets in worker
2018-10-17T02:17:41.866Z - normal: Finish build-assets in worker
2018-10-17T02:17:41.875Z - normal: Finish building assets
2018-10-17T02:17:41.881Z - normal: Start building plugin scripts
2018-10-17T02:17:41.886Z - normal: Generating main.js from D:\software\cocos\CocosCreator\resources\static\build-templates\shares\main.js
2018-10-17T02:17:42.821Z - normal: Built to "D:\workspace\game\ninja_cross\build\wechatgame\wechatgame-subcontext" successfully
2018-10-17T02:49:57.620Z - normal: Start building with options : {
  "actualPlatform": "wechatgame-subcontext",
  "apiLevel": "",
  "appABIs": [],
  "appKey": "",
  "appSecret": "",
  "buildPath": "D:\\workspace\\game\\ninja_cross\\build\\wechatgame",
  "debug": false,
  "dest": "D:\\workspace\\game\\ninja_cross\\build\\wechatgame\\wechatgame-subcontext",
  "embedWebDebugger": false,
  "encryptJs": true,
  "excludeScenes": [],
  "excludedModules": [],
  "fb-instant-games": {},
  "includeAnySDK": false,
  "includeSDKBox": false,
  "inlineSpriteFrames": true,
  "inlineSpriteFrames_native": true,
  "jailbreakPlatform": false,
  "md5Cache": false,
  "mergeStartScene": false,
  "oauthLoginServer": "",
  "optimizeHotUpdate": false,
  "orientation": {
    "landscapeLeft": true,
    "landscapeRight": true,
    "portrait": false,
    "upsideDown": false
  },
  "packageName": "org.cocos2d.subGame",
  "platform": "wechatgame-subcontext",
  "previewHeight": "720",
  "previewWidth": "1280",
  "privateKey": "",
  "qqplay": {
    "REMOTE_SERVER_ROOT": "",
    "orientation": "portrait"
  },
  "scenes": [
    "f1d3c7c2-efa5-4050-a96e-349b9442ba57"
  ],
  "sourceMaps": false,
  "startScene": "f1d3c7c2-efa5-4050-a96e-349b9442ba57",
  "template": "link",
  "title": "wechatgame-subcontext",
  "useDebugKeystore": true,
  "vsVersion": "auto",
  "webOrientation": "auto",
  "wechatgame": {
    "REMOTE_SERVER_ROOT": "",
    "appid": "wx6ac3f5090a6b99c5",
    "isSubdomain": false,
    "orientation": "portrait",
    "subContext": ""
  },
  "xxteaKey": "69ab9833-e943-4d",
  "zipCompressJs": true,
  "project": "D:\\workspace\\game\\subGame",
  "projectName": "wechatgame-subcontext",
  "debugBuildWorker": false
}
2018-10-17T02:49:57.623Z - normal: Building D:\workspace\game\subGame
2018-10-17T02:49:57.623Z - normal: Destination D:\workspace\game\ninja_cross\build\wechatgame\wechatgame-subcontext
2018-10-17T02:49:57.625Z - normal: Delete D:\workspace\game\ninja_cross\build\wechatgame\wechatgame-subcontext\**\*
2018-10-17T02:49:59.552Z - normal: Start building assets
2018-10-17T02:49:59.552Z - normal: Start spawn build-worker
2018-10-17T02:50:00.228Z - normal: Finish spawn build-worker
2018-10-17T02:50:00.228Z - normal: Start init build-worker
2018-10-17T02:50:03.135Z - normal: Finish init build-worker
2018-10-17T02:50:03.135Z - normal: Start build-assets in worker
2018-10-17T02:50:03.291Z - normal: Finish build-assets in worker
2018-10-17T02:50:03.298Z - normal: Finish building assets
2018-10-17T02:50:03.304Z - normal: Start building plugin scripts
2018-10-17T02:50:03.309Z - normal: Generating main.js from D:\software\cocos\CocosCreator\resources\static\build-templates\shares\main.js
2018-10-17T02:50:04.189Z - normal: Built to "D:\workspace\game\ninja_cross\build\wechatgame\wechatgame-subcontext" successfully
2018-10-17T02:54:49.836Z - normal: Start building with options : {
  "actualPlatform": "wechatgame-subcontext",
  "apiLevel": "",
  "appABIs": [],
  "appKey": "",
  "appSecret": "",
  "buildPath": "D:\\workspace\\game\\ninja_cross\\build\\wechatgame",
  "debug": false,
  "dest": "D:\\workspace\\game\\ninja_cross\\build\\wechatgame\\wechatgame-subcontext",
  "embedWebDebugger": false,
  "encryptJs": true,
  "excludeScenes": [],
  "excludedModules": [],
  "fb-instant-games": {},
  "includeAnySDK": false,
  "includeSDKBox": false,
  "inlineSpriteFrames": true,
  "inlineSpriteFrames_native": true,
  "jailbreakPlatform": false,
  "md5Cache": false,
  "mergeStartScene": false,
  "oauthLoginServer": "",
  "optimizeHotUpdate": false,
  "orientation": {
    "landscapeLeft": true,
    "landscapeRight": true,
    "portrait": false,
    "upsideDown": false
  },
  "packageName": "org.cocos2d.subGame",
  "platform": "wechatgame-subcontext",
  "previewHeight": "720",
  "previewWidth": "1280",
  "privateKey": "",
  "qqplay": {
    "REMOTE_SERVER_ROOT": "",
    "orientation": "portrait"
  },
  "scenes": [
    "f1d3c7c2-efa5-4050-a96e-349b9442ba57"
  ],
  "sourceMaps": false,
  "startScene": "f1d3c7c2-efa5-4050-a96e-349b9442ba57",
  "template": "link",
  "title": "wechatgame-subcontext",
  "useDebugKeystore": true,
  "vsVersion": "auto",
  "webOrientation": "auto",
  "wechatgame": {
    "REMOTE_SERVER_ROOT": "",
    "appid": "wx6ac3f5090a6b99c5",
    "isSubdomain": false,
    "orientation": "portrait",
    "subContext": ""
  },
  "xxteaKey": "69ab9833-e943-4d",
  "zipCompressJs": true,
  "project": "D:\\workspace\\game\\subGame",
  "projectName": "wechatgame-subcontext",
  "debugBuildWorker": false
}
2018-10-17T02:54:49.839Z - normal: Building D:\workspace\game\subGame
2018-10-17T02:54:49.839Z - normal: Destination D:\workspace\game\ninja_cross\build\wechatgame\wechatgame-subcontext
2018-10-17T02:54:49.841Z - normal: Delete D:\workspace\game\ninja_cross\build\wechatgame\wechatgame-subcontext\**\*
2018-10-17T02:54:51.789Z - normal: Start building assets
2018-10-17T02:54:51.789Z - normal: Start spawn build-worker
2018-10-17T02:54:52.468Z - normal: Finish spawn build-worker
2018-10-17T02:54:52.468Z - normal: Start init build-worker
2018-10-17T02:54:55.374Z - normal: Finish init build-worker
2018-10-17T02:54:55.374Z - normal: Start build-assets in worker
2018-10-17T02:54:55.523Z - normal: Finish build-assets in worker
2018-10-17T02:54:55.530Z - normal: Finish building assets
2018-10-17T02:54:55.536Z - normal: Start building plugin scripts
2018-10-17T02:54:55.542Z - normal: Generating main.js from D:\software\cocos\CocosCreator\resources\static\build-templates\shares\main.js
2018-10-17T02:54:56.461Z - normal: Built to "D:\workspace\game\ninja_cross\build\wechatgame\wechatgame-subcontext" successfully
2018-10-17T06:11:45.025Z - info: shutdown preview server
