2018-11-02T01:24:46.201Z - normal: Load ~/.CocosCreator/settings.json
2018-11-02T01:24:46.206Z - normal: checking language setting...
2018-11-02T01:24:46.206Z - normal: Language: zh
2018-11-02T01:24:47.857Z - success: protocol editor-framework registered
2018-11-02T01:24:47.857Z - success: protocol app registered
2018-11-02T01:24:47.857Z - success: protocol theme registered
2018-11-02T01:24:47.857Z - success: protocol packages registered
2018-11-02T01:24:47.857Z - success: protocol unpack registerred
2018-11-02T01:24:47.857Z - success: protocol disable-commonjs registerred
2018-11-02T01:24:48.005Z - normal: connected!
2018-11-02T01:24:48.007Z - normal: Check project D:\workspace\cocosGame\ninja_crossing\ninja_cross
2018-11-02T01:24:48.010Z - normal: Initializing project D:\workspace\cocosGame\ninja_crossing\ninja_cross
2018-11-02T01:24:48.013Z - normal: Initializing Cocos2d
2018-11-02T01:24:48.559Z - normal: Initializing Asset Database
2018-11-02T01:24:48.599Z - success: protocol uuid registerred
2018-11-02T01:24:48.599Z - success: protocol db registerred
2018-11-02T01:24:48.599Z - success: protocol thumbnail registerred
2018-11-02T01:24:48.600Z - normal: Loading editor/builtin packages
2018-11-02T01:24:48.733Z - success: assets loaded
2018-11-02T01:24:48.735Z - success: builder loaded
2018-11-02T01:24:48.737Z - success: cocos-analytics loaded
2018-11-02T01:24:48.741Z - success: console loaded
2018-11-02T01:24:48.771Z - success: fb-instant-games loaded
2018-11-02T01:24:48.775Z - success: hierarchy loaded
2018-11-02T01:24:48.778Z - success: inspector loaded
2018-11-02T01:24:48.779Z - success: keystore loaded
2018-11-02T01:24:48.783Z - success: node-library loaded
2018-11-02T01:24:48.784Z - success: package-asset loaded
2018-11-02T01:24:48.785Z - success: preferences loaded
2018-11-02T01:24:48.787Z - success: project-exporter loaded
2018-11-02T01:24:48.800Z - success: project-importer loaded
2018-11-02T01:24:48.802Z - success: project-settings loaded
2018-11-02T01:24:48.804Z - success: ui-kit loaded
2018-11-02T01:24:48.806Z - success: scene loaded
2018-11-02T01:24:48.807Z - success: sprite-editor loaded
2018-11-02T01:24:48.810Z - success: store loaded
2018-11-02T01:24:48.813Z - success: timeline loaded
2018-11-02T01:24:48.813Z - normal: Loading builtin packages
2018-11-02T01:24:48.815Z - success: asset-db-debugger loaded
2018-11-02T01:24:48.816Z - success: code-editor loaded
2018-11-02T01:24:48.817Z - success: color-picker loaded
2018-11-02T01:24:48.817Z - success: jsb-adapter loaded
2018-11-02T01:24:48.819Z - success: package-manager loaded
2018-11-02T01:24:48.904Z - success: qqplay-adapter loaded
2018-11-02T01:24:48.908Z - success: sdkbox loaded
2018-11-02T01:24:48.911Z - success: tester loaded
2018-11-02T01:24:48.913Z - success: ui-grid loaded
2018-11-02T01:24:48.914Z - success: ui-kit-preview-extra loaded
2018-11-02T01:24:48.916Z - success: ui-kit-preview loaded
2018-11-02T01:24:48.918Z - success: ui-tree loaded
2018-11-02T01:24:48.919Z - success: weapp-adapter loaded
2018-11-02T01:24:49.819Z - normal: Loading packages
2018-11-02T01:24:49.823Z - normal: Watching packages
2018-11-02T01:24:50.084Z - normal: Run Application
2018-11-02T01:24:50.924Z - success: preview server running at http://localhost:7457
2018-11-02T01:24:56.372Z - warn: Please change the definition of property 'btnSound' in class 'GameOver'. Starting from v1.10,
properties in CCClass can not be abbreviated if they are of type RawAsset.
Please use the complete form.
For example, if the type is Texture2D, the previous definition is:
    btnSound: cc.Texture2D,
Now it should be changed to:
    btnSound: {
      type: cc.Texture2D // use 'type:' to define Texture2D object directly
      default: null,     // object's default value is null
    },
(This helps us to successfully refactor all RawAssets at v2.0, sorry for the inconvenience. 😰 )
2018-11-02T01:24:56.383Z - warn: The 'type' attribute of 'stage.currentPlat' is undefined when loading script
2018-11-02T01:24:56.383Z - warn: The 'type' attribute of 'stage.nextPlat' is undefined when loading script
2018-11-02T01:24:56.384Z - warn: The 'type' attribute of 'stage.nextTwoPlat' is undefined when loading script
2018-11-02T01:24:56.389Z - warn: Please change the definition of property 'gameOverSound' in class 'game'. Starting from v1.10,
properties in CCClass can not be abbreviated if they are of type RawAsset.
Please use the complete form.
For example, if the type is Texture2D, the previous definition is:
    gameOverSound: cc.Texture2D,
Now it should be changed to:
    gameOverSound: {
      type: cc.Texture2D // use 'type:' to define Texture2D object directly
      default: null,     // object's default value is null
    },
(This helps us to successfully refactor all RawAssets at v2.0, sorry for the inconvenience. 😰 )
2018-11-02T01:24:56.391Z - warn: Please change the definition of property 'bgm' in class 'media'. Starting from v1.10,
properties in CCClass can not be abbreviated if they are of type RawAsset.
Please use the complete form.
For example, if the type is Texture2D, the previous definition is:
    bgm: cc.Texture2D,
Now it should be changed to:
    bgm: {
      type: cc.Texture2D // use 'type:' to define Texture2D object directly
      default: null,     // object's default value is null
    },
(This helps us to successfully refactor all RawAssets at v2.0, sorry for the inconvenience. 😰 )
2018-11-02T01:26:50.725Z - normal: Initializing...

2018-11-02T01:26:50.730Z - normal: idePortFile: C:\Users\Administrator\AppData\Local\微信web开发者工具\User Data\Default\.ide

2018-11-02T01:26:51.761Z - normal: starting ide...

2018-11-02T01:26:55.426Z - normal: IDE server has started, listening on http://127.0.0.1:51353

2018-11-02T01:26:55.432Z - normal: initialization finished

2018-11-02T01:26:58.081Z - normal: open IDE success

2018-11-02T01:38:00.993Z - warn: Please change the definition of property 'btnSound' in class 'GameOver'. Starting from v1.10,
properties in CCClass can not be abbreviated if they are of type RawAsset.
Please use the complete form.
For example, if the type is Texture2D, the previous definition is:
    btnSound: cc.Texture2D,
Now it should be changed to:
    btnSound: {
      type: cc.Texture2D // use 'type:' to define Texture2D object directly
      default: null,     // object's default value is null
    },
(This helps us to successfully refactor all RawAssets at v2.0, sorry for the inconvenience. 😰 )
2018-11-02T01:38:01.005Z - warn: The 'type' attribute of 'stage.currentPlat' is undefined when loading script
2018-11-02T01:38:01.006Z - warn: The 'type' attribute of 'stage.nextPlat' is undefined when loading script
2018-11-02T01:38:01.006Z - warn: The 'type' attribute of 'stage.nextTwoPlat' is undefined when loading script
2018-11-02T01:38:01.012Z - warn: Please change the definition of property 'gameOverSound' in class 'game'. Starting from v1.10,
properties in CCClass can not be abbreviated if they are of type RawAsset.
Please use the complete form.
For example, if the type is Texture2D, the previous definition is:
    gameOverSound: cc.Texture2D,
Now it should be changed to:
    gameOverSound: {
      type: cc.Texture2D // use 'type:' to define Texture2D object directly
      default: null,     // object's default value is null
    },
(This helps us to successfully refactor all RawAssets at v2.0, sorry for the inconvenience. 😰 )
2018-11-02T01:38:01.015Z - warn: Please change the definition of property 'bgm' in class 'media'. Starting from v1.10,
properties in CCClass can not be abbreviated if they are of type RawAsset.
Please use the complete form.
For example, if the type is Texture2D, the previous definition is:
    bgm: cc.Texture2D,
Now it should be changed to:
    bgm: {
      type: cc.Texture2D // use 'type:' to define Texture2D object directly
      default: null,     // object's default value is null
    },
(This helps us to successfully refactor all RawAssets at v2.0, sorry for the inconvenience. 😰 )
2018-11-02T01:38:03.175Z - normal: Start building with options : {
  "actualPlatform": "wechatgame",
  "apiLevel": "",
  "appABIs": [],
  "appKey": "",
  "appSecret": "",
  "buildPath": "D:\\workspace\\cocosGame\\ninja_crossing\\ninja_cross\\build",
  "debug": false,
  "dest": "D:\\workspace\\cocosGame\\ninja_crossing\\ninja_cross\\build\\wechatgame",
  "embedWebDebugger": false,
  "encryptJs": true,
  "excludeScenes": [],
  "excludedModules": [
    "Dynamic Atlas",
    "LabelOutline",
    "ParticleSystem",
    "TiledMap",
    "Spine Skeleton",
    "DragonBones",
    "RichText",
    "MotionStreak",
    "Button",
    "ProgressBar",
    "ScrollBar",
    "ScrollView",
    "Toggle",
    "PageView",
    "PageViewIndicator",
    "Slider",
    "Layout",
    "EditBox",
    "VideoPlayer",
    "WebView",
    "NodePool",
    "Native NetWork"
  ],
  "fb-instant-games": {},
  "includeAnySDK": false,
  "includeSDKBox": false,
  "inlineSpriteFrames": true,
  "inlineSpriteFrames_native": true,
  "jailbreakPlatform": false,
  "md5Cache": false,
  "mergeStartScene": false,
  "oauthLoginServer": "",
  "optimizeHotUpdate": false,
  "orientation": {
    "landscapeLeft": true,
    "landscapeRight": true,
    "portrait": false,
    "upsideDown": false
  },
  "packageName": "org.cocos2d.helloworld",
  "platform": "wechatgame",
  "previewHeight": "720",
  "previewWidth": "1280",
  "privateKey": "",
  "qqplay": {
    "REMOTE_SERVER_ROOT": "",
    "orientation": "portrait"
  },
  "scenes": [
    "2d2f792f-a40c-49bb-a189-ed176a246e49",
    "7fa933b7-a8c1-4c87-beef-f318f077e424"
  ],
  "sourceMaps": false,
  "startScene": "2d2f792f-a40c-49bb-a189-ed176a246e49",
  "template": "link",
  "title": "ninja",
  "useDebugKeystore": true,
  "vsVersion": "auto",
  "webOrientation": "auto",
  "wechatgame": {
    "REMOTE_SERVER_ROOT": "",
    "appid": "wx9992ffec4c3f4abb",
    "isSubdomain": false,
    "orientation": "portrait",
    "subContext": "wechatgame-subcontext"
  },
  "xxteaKey": "e043c2e1-f3d5-4e",
  "zipCompressJs": true,
  "project": "D:\\workspace\\cocosGame\\ninja_crossing\\ninja_cross",
  "projectName": "ninja",
  "debugBuildWorker": false
}
2018-11-02T01:38:03.177Z - normal: Building D:\workspace\cocosGame\ninja_crossing\ninja_cross
2018-11-02T01:38:03.177Z - normal: Destination D:\workspace\cocosGame\ninja_crossing\ninja_cross\build\wechatgame
2018-11-02T01:38:03.584Z - normal: Delete D:\workspace\cocosGame\ninja_crossing\ninja_cross\build\wechatgame\**\*
2018-11-02T01:38:07.717Z - normal: Start building assets
2018-11-02T01:38:07.717Z - normal: Start spawn build-worker
2018-11-02T01:38:08.404Z - normal: Finish spawn build-worker
2018-11-02T01:38:08.404Z - normal: Start init build-worker
2018-11-02T01:38:11.238Z - warn: The 'type' attribute of 'stage.currentPlat' is undefined when loading script
2018-11-02T01:38:11.238Z - warn: The 'type' attribute of 'stage.nextPlat' is undefined when loading script
2018-11-02T01:38:11.238Z - warn: The 'type' attribute of 'stage.nextTwoPlat' is undefined when loading script
2018-11-02T01:38:11.254Z - normal: Finish init build-worker
2018-11-02T01:38:11.254Z - normal: Start build-assets in worker
2018-11-02T01:38:11.713Z - warn: The referenced asset used in "db://assets/resources/tools/stick.prefab" is not found, it may have been deleted. Detailed information:
Node path: "stick"
Used in Component: "cc.Sprite"
uuid: "320d75ac-329f-49d8-88b5-af77f4806004"
2018-11-02T01:38:12.517Z - normal: Finish build-assets in worker
2018-11-02T01:38:12.530Z - normal: Finish building assets
2018-11-02T01:38:12.572Z - normal: Start building plugin scripts
2018-11-02T01:38:12.588Z - normal: Generating main.js from D:\software\cocos\CocosCreator\resources\static\build-templates\shares\main.js
2018-11-02T01:38:13.883Z - normal: Built to "D:\workspace\cocosGame\ninja_crossing\ninja_cross\build\wechatgame" successfully
2018-11-02T01:39:15.709Z - normal: Initializing...

2018-11-02T01:39:15.714Z - normal: idePortFile: C:\Users\Administrator\AppData\Local\微信web开发者工具\User Data\Default\.ide

2018-11-02T01:39:16.733Z - normal: starting ide...

2018-11-02T01:39:19.644Z - normal: IDE server has started, listening on http://127.0.0.1:31332

2018-11-02T01:39:19.648Z - normal: initialization finished

2018-11-02T01:39:19.855Z - normal: open IDE success

2018-11-02T01:42:37.311Z - warn: Please change the definition of property 'btnSound' in class 'GameOver'. Starting from v1.10,
properties in CCClass can not be abbreviated if they are of type RawAsset.
Please use the complete form.
For example, if the type is Texture2D, the previous definition is:
    btnSound: cc.Texture2D,
Now it should be changed to:
    btnSound: {
      type: cc.Texture2D // use 'type:' to define Texture2D object directly
      default: null,     // object's default value is null
    },
(This helps us to successfully refactor all RawAssets at v2.0, sorry for the inconvenience. 😰 )
2018-11-02T01:42:37.318Z - warn: The 'type' attribute of 'stage.currentPlat' is undefined when loading script
2018-11-02T01:42:37.318Z - warn: The 'type' attribute of 'stage.nextPlat' is undefined when loading script
2018-11-02T01:42:37.320Z - warn: The 'type' attribute of 'stage.nextTwoPlat' is undefined when loading script
2018-11-02T01:42:37.324Z - warn: Please change the definition of property 'gameOverSound' in class 'game'. Starting from v1.10,
properties in CCClass can not be abbreviated if they are of type RawAsset.
Please use the complete form.
For example, if the type is Texture2D, the previous definition is:
    gameOverSound: cc.Texture2D,
Now it should be changed to:
    gameOverSound: {
      type: cc.Texture2D // use 'type:' to define Texture2D object directly
      default: null,     // object's default value is null
    },
(This helps us to successfully refactor all RawAssets at v2.0, sorry for the inconvenience. 😰 )
2018-11-02T01:42:37.326Z - warn: Please change the definition of property 'bgm' in class 'media'. Starting from v1.10,
properties in CCClass can not be abbreviated if they are of type RawAsset.
Please use the complete form.
For example, if the type is Texture2D, the previous definition is:
    bgm: cc.Texture2D,
Now it should be changed to:
    bgm: {
      type: cc.Texture2D // use 'type:' to define Texture2D object directly
      default: null,     // object's default value is null
    },
(This helps us to successfully refactor all RawAssets at v2.0, sorry for the inconvenience. 😰 )
2018-11-02T01:43:03.286Z - normal: Start building with options : {
  "actualPlatform": "wechatgame",
  "apiLevel": "",
  "appABIs": [],
  "appKey": "",
  "appSecret": "",
  "buildPath": "D:\\workspace\\cocosGame\\ninja_crossing\\ninja_cross\\build",
  "debug": false,
  "dest": "D:\\workspace\\cocosGame\\ninja_crossing\\ninja_cross\\build\\wechatgame",
  "embedWebDebugger": false,
  "encryptJs": true,
  "excludeScenes": [],
  "excludedModules": [
    "Dynamic Atlas",
    "LabelOutline",
    "ParticleSystem",
    "TiledMap",
    "Spine Skeleton",
    "DragonBones",
    "RichText",
    "MotionStreak",
    "Button",
    "ProgressBar",
    "ScrollBar",
    "ScrollView",
    "Toggle",
    "PageView",
    "PageViewIndicator",
    "Slider",
    "Layout",
    "EditBox",
    "VideoPlayer",
    "WebView",
    "NodePool",
    "Native NetWork"
  ],
  "fb-instant-games": {},
  "includeAnySDK": false,
  "includeSDKBox": false,
  "inlineSpriteFrames": true,
  "inlineSpriteFrames_native": true,
  "jailbreakPlatform": false,
  "md5Cache": false,
  "mergeStartScene": false,
  "oauthLoginServer": "",
  "optimizeHotUpdate": false,
  "orientation": {
    "landscapeLeft": true,
    "landscapeRight": true,
    "portrait": false,
    "upsideDown": false
  },
  "packageName": "org.cocos2d.helloworld",
  "platform": "wechatgame",
  "previewHeight": "720",
  "previewWidth": "1280",
  "privateKey": "",
  "qqplay": {
    "REMOTE_SERVER_ROOT": "",
    "orientation": "portrait"
  },
  "scenes": [
    "2d2f792f-a40c-49bb-a189-ed176a246e49",
    "7fa933b7-a8c1-4c87-beef-f318f077e424"
  ],
  "sourceMaps": false,
  "startScene": "2d2f792f-a40c-49bb-a189-ed176a246e49",
  "template": "link",
  "title": "ninja",
  "useDebugKeystore": true,
  "vsVersion": "auto",
  "webOrientation": "auto",
  "wechatgame": {
    "REMOTE_SERVER_ROOT": "",
    "appid": "wx9992ffec4c3f4abb",
    "isSubdomain": false,
    "orientation": "portrait",
    "subContext": "wechatgame-subcontext"
  },
  "xxteaKey": "e043c2e1-f3d5-4e",
  "zipCompressJs": true,
  "project": "D:\\workspace\\cocosGame\\ninja_crossing\\ninja_cross",
  "projectName": "ninja",
  "debugBuildWorker": false
}
2018-11-02T01:43:03.291Z - normal: Building D:\workspace\cocosGame\ninja_crossing\ninja_cross
2018-11-02T01:43:03.291Z - normal: Destination D:\workspace\cocosGame\ninja_crossing\ninja_cross\build\wechatgame
2018-11-02T01:43:03.292Z - normal: Delete D:\workspace\cocosGame\ninja_crossing\ninja_cross\build\wechatgame\**\*
2018-11-02T01:43:07.395Z - normal: Start building assets
2018-11-02T01:43:07.395Z - normal: Start spawn build-worker
2018-11-02T01:43:08.093Z - normal: Finish spawn build-worker
2018-11-02T01:43:08.093Z - normal: Start init build-worker
2018-11-02T01:43:11.175Z - warn: The 'type' attribute of 'stage.currentPlat' is undefined when loading script
2018-11-02T01:43:11.175Z - warn: The 'type' attribute of 'stage.nextPlat' is undefined when loading script
2018-11-02T01:43:11.175Z - warn: The 'type' attribute of 'stage.nextTwoPlat' is undefined when loading script
2018-11-02T01:43:11.200Z - normal: Finish init build-worker
2018-11-02T01:43:11.200Z - normal: Start build-assets in worker
2018-11-02T01:43:11.627Z - warn: The referenced asset used in "db://assets/resources/tools/stick.prefab" is not found, it may have been deleted. Detailed information:
Node path: "stick"
Used in Component: "cc.Sprite"
uuid: "320d75ac-329f-49d8-88b5-af77f4806004"
2018-11-02T01:43:12.441Z - normal: Finish build-assets in worker
2018-11-02T01:43:12.448Z - normal: Finish building assets
2018-11-02T01:43:12.478Z - normal: Start building plugin scripts
2018-11-02T01:43:12.483Z - normal: Generating main.js from D:\software\cocos\CocosCreator\resources\static\build-templates\shares\main.js
2018-11-02T01:43:13.757Z - normal: Built to "D:\workspace\cocosGame\ninja_crossing\ninja_cross\build\wechatgame" successfully
2018-11-02T01:50:09.076Z - warn: Please change the definition of property 'btnSound' in class 'GameOver'. Starting from v1.10,
properties in CCClass can not be abbreviated if they are of type RawAsset.
Please use the complete form.
For example, if the type is Texture2D, the previous definition is:
    btnSound: cc.Texture2D,
Now it should be changed to:
    btnSound: {
      type: cc.Texture2D // use 'type:' to define Texture2D object directly
      default: null,     // object's default value is null
    },
(This helps us to successfully refactor all RawAssets at v2.0, sorry for the inconvenience. 😰 )
2018-11-02T01:50:09.083Z - warn: The 'type' attribute of 'stage.currentPlat' is undefined when loading script
2018-11-02T01:50:09.083Z - warn: The 'type' attribute of 'stage.nextPlat' is undefined when loading script
2018-11-02T01:50:09.083Z - warn: The 'type' attribute of 'stage.nextTwoPlat' is undefined when loading script
2018-11-02T01:50:09.087Z - warn: Please change the definition of property 'gameOverSound' in class 'game'. Starting from v1.10,
properties in CCClass can not be abbreviated if they are of type RawAsset.
Please use the complete form.
For example, if the type is Texture2D, the previous definition is:
    gameOverSound: cc.Texture2D,
Now it should be changed to:
    gameOverSound: {
      type: cc.Texture2D // use 'type:' to define Texture2D object directly
      default: null,     // object's default value is null
    },
(This helps us to successfully refactor all RawAssets at v2.0, sorry for the inconvenience. 😰 )
2018-11-02T01:50:09.088Z - warn: Please change the definition of property 'bgm' in class 'media'. Starting from v1.10,
properties in CCClass can not be abbreviated if they are of type RawAsset.
Please use the complete form.
For example, if the type is Texture2D, the previous definition is:
    bgm: cc.Texture2D,
Now it should be changed to:
    bgm: {
      type: cc.Texture2D // use 'type:' to define Texture2D object directly
      default: null,     // object's default value is null
    },
(This helps us to successfully refactor all RawAssets at v2.0, sorry for the inconvenience. 😰 )
2018-11-02T01:50:09.668Z - normal: Start building with options : {
  "actualPlatform": "wechatgame",
  "apiLevel": "",
  "appABIs": [],
  "appKey": "",
  "appSecret": "",
  "buildPath": "D:\\workspace\\cocosGame\\ninja_crossing\\ninja_cross\\build",
  "debug": false,
  "dest": "D:\\workspace\\cocosGame\\ninja_crossing\\ninja_cross\\build\\wechatgame",
  "embedWebDebugger": false,
  "encryptJs": true,
  "excludeScenes": [],
  "excludedModules": [
    "Dynamic Atlas",
    "LabelOutline",
    "ParticleSystem",
    "TiledMap",
    "Spine Skeleton",
    "DragonBones",
    "RichText",
    "MotionStreak",
    "Button",
    "ProgressBar",
    "ScrollBar",
    "ScrollView",
    "Toggle",
    "PageView",
    "PageViewIndicator",
    "Slider",
    "Layout",
    "EditBox",
    "VideoPlayer",
    "WebView",
    "NodePool",
    "Native NetWork"
  ],
  "fb-instant-games": {},
  "includeAnySDK": false,
  "includeSDKBox": false,
  "inlineSpriteFrames": true,
  "inlineSpriteFrames_native": true,
  "jailbreakPlatform": false,
  "md5Cache": false,
  "mergeStartScene": false,
  "oauthLoginServer": "",
  "optimizeHotUpdate": false,
  "orientation": {
    "landscapeLeft": true,
    "landscapeRight": true,
    "portrait": false,
    "upsideDown": false
  },
  "packageName": "org.cocos2d.helloworld",
  "platform": "wechatgame",
  "previewHeight": "720",
  "previewWidth": "1280",
  "privateKey": "",
  "qqplay": {
    "REMOTE_SERVER_ROOT": "",
    "orientation": "portrait"
  },
  "scenes": [
    "2d2f792f-a40c-49bb-a189-ed176a246e49",
    "7fa933b7-a8c1-4c87-beef-f318f077e424"
  ],
  "sourceMaps": false,
  "startScene": "2d2f792f-a40c-49bb-a189-ed176a246e49",
  "template": "link",
  "title": "ninja",
  "useDebugKeystore": true,
  "vsVersion": "auto",
  "webOrientation": "auto",
  "wechatgame": {
    "REMOTE_SERVER_ROOT": "",
    "appid": "wx9992ffec4c3f4abb",
    "isSubdomain": false,
    "orientation": "portrait",
    "subContext": "wechatgame-subcontext"
  },
  "xxteaKey": "e043c2e1-f3d5-4e",
  "zipCompressJs": true,
  "project": "D:\\workspace\\cocosGame\\ninja_crossing\\ninja_cross",
  "projectName": "ninja",
  "debugBuildWorker": false
}
2018-11-02T01:50:09.671Z - normal: Building D:\workspace\cocosGame\ninja_crossing\ninja_cross
2018-11-02T01:50:09.671Z - normal: Destination D:\workspace\cocosGame\ninja_crossing\ninja_cross\build\wechatgame
2018-11-02T01:50:09.672Z - normal: Delete D:\workspace\cocosGame\ninja_crossing\ninja_cross\build\wechatgame\**\*
2018-11-02T01:50:13.262Z - normal: Start building assets
2018-11-02T01:50:13.262Z - normal: Start spawn build-worker
2018-11-02T01:50:13.916Z - normal: Finish spawn build-worker
2018-11-02T01:50:13.916Z - normal: Start init build-worker
2018-11-02T01:50:16.788Z - warn: The 'type' attribute of 'stage.currentPlat' is undefined when loading script
2018-11-02T01:50:16.788Z - warn: The 'type' attribute of 'stage.nextPlat' is undefined when loading script
2018-11-02T01:50:16.788Z - warn: The 'type' attribute of 'stage.nextTwoPlat' is undefined when loading script
2018-11-02T01:50:16.801Z - normal: Finish init build-worker
2018-11-02T01:50:16.801Z - normal: Start build-assets in worker
2018-11-02T01:50:17.226Z - warn: The referenced asset used in "db://assets/resources/tools/stick.prefab" is not found, it may have been deleted. Detailed information:
Node path: "stick"
Used in Component: "cc.Sprite"
uuid: "320d75ac-329f-49d8-88b5-af77f4806004"
2018-11-02T01:50:17.970Z - normal: Finish build-assets in worker
2018-11-02T01:50:17.975Z - normal: Finish building assets
2018-11-02T01:50:18.023Z - normal: Start building plugin scripts
2018-11-02T01:50:18.028Z - normal: Generating main.js from D:\software\cocos\CocosCreator\resources\static\build-templates\shares\main.js
2018-11-02T01:50:19.225Z - normal: Built to "D:\workspace\cocosGame\ninja_crossing\ninja_cross\build\wechatgame" successfully
2018-11-02T01:57:09.845Z - warn: Please change the definition of property 'btnSound' in class 'GameOver'. Starting from v1.10,
properties in CCClass can not be abbreviated if they are of type RawAsset.
Please use the complete form.
For example, if the type is Texture2D, the previous definition is:
    btnSound: cc.Texture2D,
Now it should be changed to:
    btnSound: {
      type: cc.Texture2D // use 'type:' to define Texture2D object directly
      default: null,     // object's default value is null
    },
(This helps us to successfully refactor all RawAssets at v2.0, sorry for the inconvenience. 😰 )
2018-11-02T01:57:09.855Z - warn: The 'type' attribute of 'stage.currentPlat' is undefined when loading script
2018-11-02T01:57:09.855Z - warn: The 'type' attribute of 'stage.nextPlat' is undefined when loading script
2018-11-02T01:57:09.855Z - warn: The 'type' attribute of 'stage.nextTwoPlat' is undefined when loading script
2018-11-02T01:57:09.861Z - warn: Please change the definition of property 'gameOverSound' in class 'game'. Starting from v1.10,
properties in CCClass can not be abbreviated if they are of type RawAsset.
Please use the complete form.
For example, if the type is Texture2D, the previous definition is:
    gameOverSound: cc.Texture2D,
Now it should be changed to:
    gameOverSound: {
      type: cc.Texture2D // use 'type:' to define Texture2D object directly
      default: null,     // object's default value is null
    },
(This helps us to successfully refactor all RawAssets at v2.0, sorry for the inconvenience. 😰 )
2018-11-02T01:57:09.862Z - warn: Please change the definition of property 'bgm' in class 'media'. Starting from v1.10,
properties in CCClass can not be abbreviated if they are of type RawAsset.
Please use the complete form.
For example, if the type is Texture2D, the previous definition is:
    bgm: cc.Texture2D,
Now it should be changed to:
    bgm: {
      type: cc.Texture2D // use 'type:' to define Texture2D object directly
      default: null,     // object's default value is null
    },
(This helps us to successfully refactor all RawAssets at v2.0, sorry for the inconvenience. 😰 )
2018-11-02T01:57:13.123Z - normal: Start building with options : {
  "actualPlatform": "wechatgame",
  "apiLevel": "",
  "appABIs": [],
  "appKey": "",
  "appSecret": "",
  "buildPath": "D:\\workspace\\cocosGame\\ninja_crossing\\ninja_cross\\build",
  "debug": false,
  "dest": "D:\\workspace\\cocosGame\\ninja_crossing\\ninja_cross\\build\\wechatgame",
  "embedWebDebugger": false,
  "encryptJs": true,
  "excludeScenes": [],
  "excludedModules": [
    "Dynamic Atlas",
    "LabelOutline",
    "ParticleSystem",
    "TiledMap",
    "Spine Skeleton",
    "DragonBones",
    "RichText",
    "MotionStreak",
    "Button",
    "ProgressBar",
    "ScrollBar",
    "ScrollView",
    "Toggle",
    "PageView",
    "PageViewIndicator",
    "Slider",
    "Layout",
    "EditBox",
    "VideoPlayer",
    "WebView",
    "NodePool",
    "Native NetWork"
  ],
  "fb-instant-games": {},
  "includeAnySDK": false,
  "includeSDKBox": false,
  "inlineSpriteFrames": true,
  "inlineSpriteFrames_native": true,
  "jailbreakPlatform": false,
  "md5Cache": false,
  "mergeStartScene": false,
  "oauthLoginServer": "",
  "optimizeHotUpdate": false,
  "orientation": {
    "landscapeLeft": true,
    "landscapeRight": true,
    "portrait": false,
    "upsideDown": false
  },
  "packageName": "org.cocos2d.helloworld",
  "platform": "wechatgame",
  "previewHeight": "720",
  "previewWidth": "1280",
  "privateKey": "",
  "qqplay": {
    "REMOTE_SERVER_ROOT": "",
    "orientation": "portrait"
  },
  "scenes": [
    "2d2f792f-a40c-49bb-a189-ed176a246e49",
    "7fa933b7-a8c1-4c87-beef-f318f077e424"
  ],
  "sourceMaps": false,
  "startScene": "2d2f792f-a40c-49bb-a189-ed176a246e49",
  "template": "link",
  "title": "ninja",
  "useDebugKeystore": true,
  "vsVersion": "auto",
  "webOrientation": "auto",
  "wechatgame": {
    "REMOTE_SERVER_ROOT": "",
    "appid": "wx9992ffec4c3f4abb",
    "isSubdomain": false,
    "orientation": "portrait",
    "subContext": "wechatgame-subcontext"
  },
  "xxteaKey": "e043c2e1-f3d5-4e",
  "zipCompressJs": true,
  "project": "D:\\workspace\\cocosGame\\ninja_crossing\\ninja_cross",
  "projectName": "ninja",
  "debugBuildWorker": false
}
2018-11-02T01:57:13.125Z - normal: Building D:\workspace\cocosGame\ninja_crossing\ninja_cross
2018-11-02T01:57:13.125Z - normal: Destination D:\workspace\cocosGame\ninja_crossing\ninja_cross\build\wechatgame
2018-11-02T01:57:13.126Z - normal: Delete D:\workspace\cocosGame\ninja_crossing\ninja_cross\build\wechatgame\**\*
2018-11-02T01:57:16.968Z - normal: Start building assets
2018-11-02T01:57:16.969Z - normal: Start spawn build-worker
2018-11-02T01:57:17.636Z - normal: Finish spawn build-worker
2018-11-02T01:57:17.636Z - normal: Start init build-worker
2018-11-02T01:57:20.505Z - warn: The 'type' attribute of 'stage.currentPlat' is undefined when loading script
2018-11-02T01:57:20.505Z - warn: The 'type' attribute of 'stage.nextPlat' is undefined when loading script
2018-11-02T01:57:20.505Z - warn: The 'type' attribute of 'stage.nextTwoPlat' is undefined when loading script
2018-11-02T01:57:20.524Z - normal: Finish init build-worker
2018-11-02T01:57:20.525Z - normal: Start build-assets in worker
2018-11-02T01:57:20.957Z - warn: The referenced asset used in "db://assets/resources/tools/stick.prefab" is not found, it may have been deleted. Detailed information:
Node path: "stick"
Used in Component: "cc.Sprite"
uuid: "320d75ac-329f-49d8-88b5-af77f4806004"
2018-11-02T01:57:21.717Z - normal: Finish build-assets in worker
2018-11-02T01:57:21.724Z - normal: Finish building assets
2018-11-02T01:57:21.754Z - normal: Start building plugin scripts
2018-11-02T01:57:21.760Z - normal: Generating main.js from D:\software\cocos\CocosCreator\resources\static\build-templates\shares\main.js
2018-11-02T01:57:22.925Z - normal: Built to "D:\workspace\cocosGame\ninja_crossing\ninja_cross\build\wechatgame" successfully
2018-11-02T01:57:41.274Z - normal: Initializing...

2018-11-02T01:57:41.279Z - normal: idePortFile: C:\Users\Administrator\AppData\Local\微信web开发者工具\User Data\Default\.ide

2018-11-02T01:57:42.298Z - normal: starting ide...

2018-11-02T01:57:45.294Z - normal: IDE server has started, listening on http://127.0.0.1:37135

2018-11-02T01:57:45.301Z - normal: initialization finished

2018-11-02T01:57:45.547Z - normal: open IDE success

